{
  "RSpec": {
    "coverage": {
      "C:/Users/arushi pc/Desktop/CalciProject/lib/calculatorApplication.rb": [
        1,
        1,
        1
      ],
      "C:/Users/arushi pc/Desktop/CalciProject/lib/calculatorApplication/calculator.rb": [
        null,
        1,
        1,
        0,
        0,
        null,
        null,
        1,
        0,
        null,
        null
      ],
      "C:/Users/arushi pc/Desktop/CalciProject/lib/calculatorApplication/controller.rb": [
        null,
        1,
        null,
        1,
        1,
        0,
        null,
        null,
        1,
        0,
        null,
        null,
        null
      ],
      "C:/Users/arushi pc/Desktop/CalciProject/lib/calculatorApplication/calculatorView.rb": [
        1,
        null,
        null,
        null,
        1,
        0,
        null,
        null,
        null,
        null,
        null,
        null,
        null
      ]
    },
    "timestamp": 1423074037
  }
}
