{
  "RSpec": {
    "coverage": {
      "C:/Users/arushi pc/Desktop/MainSample/lib/sample.rb": [
        1,
        1,
        1
      ],
      "C:/Users/arushi pc/Desktop/MainSample/lib/sample/sample1.rb": [
        null,
        1,
        1,
        0,
        0,
        null,
        null,
        1,
        0,
        null,
        null
      ],
      "C:/Users/arushi pc/Desktop/MainSample/lib/sample/sample2.rb": [
        null,
        1,
        null,
        1,
        1,
        0,
        null,
        null,
        1,
        0,
        null,
        null,
        null
      ]
    },
    "timestamp": 1423052454
  }
}
